[debug] [2023-07-12T15:42:10.873Z] ----------------------------------------------------------------------
[debug] [2023-07-12T15:42:10.878Z] Command:       /usr/local/bin/node /usr/local/bin/firebase init
[debug] [2023-07-12T15:42:10.879Z] CLI Version:   12.4.1
[debug] [2023-07-12T15:42:10.880Z] Platform:      linux
[debug] [2023-07-12T15:42:10.880Z] Node Version:  v18.16.0
[debug] [2023-07-12T15:42:10.881Z] Time:          Wed Jul 12 2023 20:42:10 GMT+0500 (Pakistan Standard Time)
[debug] [2023-07-12T15:42:10.881Z] ----------------------------------------------------------------------
[debug] 
[debug] [2023-07-12T15:42:10.886Z] >>> [apiv2][query] GET https://firebase-public.firebaseio.com/cli.json [none]
[debug] [2023-07-12T15:42:10.960Z] > command requires scopes: ["email","openid","https://www.googleapis.com/auth/cloudplatformprojects.readonly","https://www.googleapis.com/auth/firebase","https://www.googleapis.com/auth/cloud-platform"]
[debug] [2023-07-12T15:42:10.961Z] > authorizing via signed-in user (sabeerwaqas050@gmail.com)
[info] 
     ######## #### ########  ######## ########     ###     ######  ########
     ##        ##  ##     ## ##       ##     ##  ##   ##  ##       ##
     ######    ##  ########  ######   ########  #########  ######  ######
     ##        ##  ##    ##  ##       ##     ## ##     ##       ## ##
     ##       #### ##     ## ######## ########  ##     ##  ######  ########

You're about to initialize a Firebase project in this directory:

  /home/sabeerwaqas/Documents/learning/React/AMS/attendance-management-system

[debug] [2023-07-12T15:42:11.767Z] <<< [apiv2][status] GET https://firebase-public.firebaseio.com/cli.json 200
[debug] [2023-07-12T15:42:11.768Z] <<< [apiv2][body] GET https://firebase-public.firebaseio.com/cli.json {"cloudBuildErrorAfter":1594252800000,"cloudBuildWarnAfter":1590019200000,"defaultNode10After":1594252800000,"minVersion":"3.0.5","node8DeploysDisabledAfter":1613390400000,"node8RuntimeDisabledAfter":1615809600000,"node8WarnAfter":1600128000000}
